<?xml version="1.0" encoding="UTF-8"?>
<!-- Generated by org.testng.reporters.JUnitXMLReporter -->
<testsuite ignored="8" hostname="DESKTOP-G9DF0PR" failures="1" tests="5" name="Test2" time="88.066" errors="0" timestamp="2022-05-20T11:33:00 IST">
  <testcase classname="com.vtiger.DocumentsSTest.CreateDocumentTest" name="createDocTest" time="5.406">
    <failure type="org.openqa.selenium.NoSuchFrameException" message="Unable to locate frame with index: 0
Build info: version: &amp;apos;3.141.59&amp;apos;, revision: &amp;apos;e82be7d358&amp;apos;, time: &amp;apos;2018-11-14T08:17:03&amp;apos;
System info: host: &amp;apos;DESKTOP-G9DF0PR&amp;apos;, ip: &amp;apos;192.168.2.1&amp;apos;, os.name: &amp;apos;Windows 10&amp;apos;, os.arch: &amp;apos;amd64&amp;apos;, os.version: &amp;apos;10.0&amp;apos;, java.version: &amp;apos;16.0.1&amp;apos;
Driver info: org.openqa.selenium.firefox.FirefoxDriver
Capabilities {acceptInsecureCerts: true, browserName: firefox, browserVersion: 97.0.1, javascriptEnabled: true, moz:accessibilityChecks: false, moz:buildID: 20220216172458, moz:geckodriverVersion: 0.30.0, moz:headless: false, moz:processID: 672, moz:profile: C:\Users\whynew.in\AppData\..., moz:shutdownTimeout: 60000, moz:useNonSpecCompliantPointerOrigin: false, moz:webdriverClick: true, pageLoadStrategy: normal, platform: WINDOWS, platformName: WINDOWS, platformVersion: 10.0, proxy: Proxy(), setWindowRect: true, strictFileInteractability: false, timeouts: {implicit: 0, pageLoad: 300000, script: 30000}, unhandledPromptBehavior: dismiss and notify}
Session ID: 8d56786e-6d48-4c90-8603-3d7530ae35ca">
      <![CDATA[org.openqa.selenium.NoSuchFrameException: Unable to locate frame with index: 0
Build info: version: '3.141.59', revision: 'e82be7d358', time: '2018-11-14T08:17:03'
System info: host: 'DESKTOP-G9DF0PR', ip: '192.168.2.1', os.name: 'Windows 10', os.arch: 'amd64', os.version: '10.0', java.version: '16.0.1'
Driver info: org.openqa.selenium.firefox.FirefoxDriver
Capabilities {acceptInsecureCerts: true, browserName: firefox, browserVersion: 97.0.1, javascriptEnabled: true, moz:accessibilityChecks: false, moz:buildID: 20220216172458, moz:geckodriverVersion: 0.30.0, moz:headless: false, moz:processID: 672, moz:profile: C:\Users\whynew.in\AppData\..., moz:shutdownTimeout: 60000, moz:useNonSpecCompliantPointerOrigin: false, moz:webdriverClick: true, pageLoadStrategy: normal, platform: WINDOWS, platformName: WINDOWS, platformVersion: 10.0, proxy: Proxy(), setWindowRect: true, strictFileInteractability: false, timeouts: {implicit: 0, pageLoad: 300000, script: 30000}, unhandledPromptBehavior: dismiss and notify}
Session ID: 8d56786e-6d48-4c90-8603-3d7530ae35ca
at org.openqa.selenium.remote.http.W3CHttpResponseCodec.createException(W3CHttpResponseCodec.java:187)
at org.openqa.selenium.remote.http.W3CHttpResponseCodec.decode(W3CHttpResponseCodec.java:122)
at org.openqa.selenium.remote.http.W3CHttpResponseCodec.decode(W3CHttpResponseCodec.java:49)
at org.openqa.selenium.remote.HttpCommandExecutor.execute(HttpCommandExecutor.java:158)
at org.openqa.selenium.remote.service.DriverCommandExecutor.execute(DriverCommandExecutor.java:83)
at org.openqa.selenium.remote.RemoteWebDriver.execute(RemoteWebDriver.java:552)
at org.openqa.selenium.remote.RemoteWebDriver$RemoteTargetLocator.frame(RemoteWebDriver.java:872)
at com.SDETL1_GenericUtility.WebDriverUtility.switchtoFrame(WebDriverUtility.java:218)
at com.vtiger.DocumentsSTest.CreateDocumentTest.createDocTest(CreateDocumentTest.java:26)
at java.base/java.util.ArrayList.forEach(ArrayList.java:1511)
at java.base/java.util.concurrent.FutureTask.run(FutureTask.java:264)
at java.base/java.util.concurrent.ThreadPoolExecutor.runWorker(ThreadPoolExecutor.java:1130)
at java.base/java.util.concurrent.ThreadPoolExecutor$Worker.run(ThreadPoolExecutor.java:630)
at java.base/java.lang.Thread.run(Thread.java:831)
... Removed 23 stack frames]]>
    </failure>
  </testcase> <!-- createDocTest -->
  <testcase classname="com.vtiger.contactsSTest.CreateContactTest" name="createContactExceTest" time="10.869"/>
  <testcase classname="com.vtiger.CampaigNamesSTest.CreateCompaignTest" name="creCampaignTest" time="6.527"/>
  <testcase classname="com.vtiger.ProductSTest.ProductTest" name="createProduct" time="8.601"/>
  <testcase classname="com.vtiger.organizationSTest.CreateOrganizationTest" name="createOrgExcel" time="6.39"/>
  <testcase classname="com.SDETL1_GenericUtility.BaseClass" name="@AfterSuite afterSuit1Test" time="0.0">
    <ignored/>
  </testcase> <!-- @AfterSuite afterSuit1Test -->
  <testcase classname="com.SDETL1_GenericUtility.BaseClass" name="@AfterSuite afterSuit1Test" time="0.0">
    <ignored/>
  </testcase> <!-- @AfterSuite afterSuit1Test -->
  <testcase classname="com.SDETL1_GenericUtility.BaseClass" name="@AfterSuite afterSuit1Test" time="0.0">
    <ignored/>
  </testcase> <!-- @AfterSuite afterSuit1Test -->
  <testcase classname="com.SDETL1_GenericUtility.BaseClass" name="@AfterSuite afterSuit1Test" time="0.0">
    <ignored/>
  </testcase> <!-- @AfterSuite afterSuit1Test -->
  <testcase classname="com.SDETL1_GenericUtility.BaseClass" name="@BeforeSuite beforeSuitTest" time="0.0">
    <ignored/>
  </testcase> <!-- @BeforeSuite beforeSuitTest -->
  <testcase classname="com.SDETL1_GenericUtility.BaseClass" name="@BeforeSuite beforeSuitTest" time="0.0">
    <ignored/>
  </testcase> <!-- @BeforeSuite beforeSuitTest -->
  <testcase classname="com.SDETL1_GenericUtility.BaseClass" name="@BeforeSuite beforeSuitTest" time="0.0">
    <ignored/>
  </testcase> <!-- @BeforeSuite beforeSuitTest -->
  <testcase classname="com.SDETL1_GenericUtility.BaseClass" name="@BeforeSuite beforeSuitTest" time="0.0">
    <ignored/>
  </testcase> <!-- @BeforeSuite beforeSuitTest -->
</testsuite> <!-- Test2 -->
